Mon Apr 09 2018 17:58:58 GMT+0300 (EEST) GET /
Mon Apr 09 2018 18:05:35 GMT+0300 (EEST) GET /
Mon Apr 09 2018 18:05:41 GMT+0300 (EEST) GET /about
Thu May 03 2018 17:05:44 GMT+0300 (EEST) GET /socket.io/?EIO=3&transport=polling&t=MCcKhHs
Thu May 03 2018 17:05:44 GMT+0300 (EEST) POST /socket.io/?EIO=3&transport=polling&t=MCcKhJX
Thu May 03 2018 17:05:44 GMT+0300 (EEST) GET /
Thu May 03 2018 17:18:56 GMT+0300 (EEST) GET /
Thu May 03 2018 17:18:57 GMT+0300 (EEST) GET /
Thu May 03 2018 17:18:58 GMT+0300 (EEST) GET /
Thu May 03 2018 17:19:31 GMT+0300 (EEST) GET /
Thu May 03 2018 17:20:07 GMT+0300 (EEST) GET /
Thu May 03 2018 17:20:07 GMT+0300 (EEST) GET /favicon.ico
Thu May 03 2018 17:21:28 GMT+0300 (EEST) GET /
Thu May 03 2018 17:21:37 GMT+0300 (EEST) GET /about
Thu May 03 2018 17:24:02 GMT+0300 (EEST) GET /about
Thu May 03 2018 17:24:03 GMT+0300 (EEST) GET /
Thu May 03 2018 17:24:05 GMT+0300 (EEST) GET /about
Thu May 03 2018 17:24:36 GMT+0300 (EEST) GET /about
Thu May 03 2018 17:24:45 GMT+0300 (EEST) GET /about
Thu May 03 2018 17:24:51 GMT+0300 (EEST) GET /about
Thu May 03 2018 17:24:54 GMT+0300 (EEST) GET /projects
Thu May 03 2018 17:24:58 GMT+0300 (EEST) GET /about
Thu May 03 2018 17:24:58 GMT+0300 (EEST) GET /
Thu May 03 2018 17:25:00 GMT+0300 (EEST) GET /about
Thu May 03 2018 17:25:01 GMT+0300 (EEST) GET /projects
